Build started 5/14/2016 12:54:17 AM.
     1>Project "C:\Users\Timothy\Desktop\Final_Project\Final Project\NYUCodebase\NYUCodebase.vcxproj" on node 2 (Build target(s)).
     1>ClCompile:
         C:\Program Files (x86)\Microsoft Visual Studio 12.0\VC\bin\CL.exe /c /IC:\SDL2\include /IC:\SDL2_image\include /IC:\glew\include /IC:\SDL2_mixer\include /ZI /nologo /W3 /WX- /sdl /Od /Oy- /D _WINDOWS /D _MBCS /D _MBCS /Gm /EHsc /RTC1 /MDd /GS /fp:precise /Zc:wchar_t /Zc:forScope /Fo"Debug\\" /Fd"Debug\vc120.pdb" /Gd /TP /analyze- /errorReport:prompt main.cpp
         main.cpp
     1>c:\users\timothy\desktop\final_project\final project\nyucodebase\main.cpp(121): warning C4244: 'initializing' : conversion from 'double' to 'float', possible loss of data
     1>c:\users\timothy\desktop\final_project\final project\nyucodebase\main.cpp(122): warning C4244: 'initializing' : conversion from 'double' to 'float', possible loss of data
     1>c:\users\timothy\desktop\final_project\final project\nyucodebase\main.cpp(166): warning C4244: 'initializing' : conversion from 'double' to 'float', possible loss of data
     1>c:\users\timothy\desktop\final_project\final project\nyucodebase\main.cpp(167): warning C4244: 'initializing' : conversion from 'double' to 'float', possible loss of data
     1>c:\users\timothy\desktop\final_project\final project\nyucodebase\main.cpp(195): warning C4244: 'initializing' : conversion from 'double' to 'float', possible loss of data
     1>c:\users\timothy\desktop\final_project\final project\nyucodebase\main.cpp(196): warning C4244: 'initializing' : conversion from 'double' to 'float', possible loss of data
     1>c:\users\timothy\desktop\final_project\final project\nyucodebase\main.cpp(251): warning C4244: 'initializing' : conversion from 'double' to 'float', possible loss of data
     1>c:\users\timothy\desktop\final_project\final project\nyucodebase\main.cpp(252): warning C4244: 'initializing' : conversion from 'double' to 'float', possible loss of data
     1>c:\users\timothy\desktop\final_project\final project\nyucodebase\main.cpp(264): warning C4244: 'initializing' : conversion from 'double' to 'float', possible loss of data
     1>c:\users\timothy\desktop\final_project\final project\nyucodebase\main.cpp(279): warning C4018: '<' : signed/unsigned mismatch
     1>c:\users\timothy\desktop\final_project\final project\nyucodebase\main.cpp(331): warning C4305: 'argument' : truncation from 'double' to 'float'
     1>c:\users\timothy\desktop\final_project\final project\nyucodebase\main.cpp(456): warning C4305: 'argument' : truncation from 'double' to 'float'
     1>c:\users\timothy\desktop\final_project\final project\nyucodebase\main.cpp(672): warning C4244: 'initializing' : conversion from 'float' to 'int', possible loss of data
     1>c:\users\timothy\desktop\final_project\final project\nyucodebase\main.cpp(867): warning C4244: 'initializing' : conversion from 'float' to 'int', possible loss of data
     1>c:\users\timothy\desktop\final_project\final project\nyucodebase\main.cpp(1062): warning C4244: 'initializing' : conversion from 'float' to 'int', possible loss of data
     1>c:\users\timothy\desktop\final_project\final project\nyucodebase\main.cpp(1208): warning C4101: 'event' : unreferenced local variable
       Link:
         C:\Program Files (x86)\Microsoft Visual Studio 12.0\VC\bin\link.exe /ERRORREPORT:PROMPT /OUT:"C:\Users\Timothy\Desktop\Final_Project\Final Project\Debug\NYUCodebase.exe" /INCREMENTAL /NOLOGO /LIBPATH:C:\SDL2_mixer\lib\x86 /LIBPATH:C:\SDL2\lib\x86 /LIBPATH:C:\SDL2_image\lib\x86 /LIBPATH:C:\glew\lib\Release\Win32 SDL2.lib SDL2_mixer.lib glew32.lib SDL2main.lib SDL2_image.lib OpenGL32.lib /MANIFEST /MANIFESTUAC:"level='asInvoker' uiAccess='false'" /manifest:embed /DEBUG /PDB:"C:\Users\Timothy\Desktop\Final_Project\Final Project\Debug\NYUCodebase.pdb" /SUBSYSTEM:WINDOWS /TLBID:1 /DYNAMICBASE /NXCOMPAT /IMPLIB:"C:\Users\Timothy\Desktop\Final_Project\Final Project\Debug\NYUCodebase.lib" /MACHINE:X86 Debug\main.obj
         Debug\Matrix.obj
         Debug\ShaderProgram.obj
         NYUCodebase.vcxproj -> C:\Users\Timothy\Desktop\Final_Project\Final Project\Debug\NYUCodebase.exe
     1>Done Building Project "C:\Users\Timothy\Desktop\Final_Project\Final Project\NYUCodebase\NYUCodebase.vcxproj" (Build target(s)).

Build succeeded.

Time Elapsed 00:00:01.62
